Using pre-set license
Built from '2020.3/staging' branch; Version is '2020.3.32f1 (12f8b0834f07) revision 1243312'; Using compiler version '192528614'; Build Type 'Release'
OS: 'Windows 11  (10.0.22000) 64bit Professional' Language: 'en' Physical Memory: 32691 MB
BatchMode: 1, IsHumanControllingUs: 0, StartBugReporterOnCrash: 0, Is64bit: 1, IsPro: 0

COMMAND LINE ARGUMENTS:
D:\Unity editors\2020.3.32f1\Editor\Unity.exe
-adb2
-batchMode
-noUpm
-name
AssetImportWorker0
-projectPath
C:/Users/geado/Desktop/RPG_DEMO/RPG_Demo_CemAydinKocabas_116207068
-logFile
Logs/AssetImportWorker0.log
-srvPort
50944
Successfully changed project path to: C:/Users/geado/Desktop/RPG_DEMO/RPG_Demo_CemAydinKocabas_116207068
C:/Users/geado/Desktop/RPG_DEMO/RPG_Demo_CemAydinKocabas_116207068
Using Asset Import Pipeline V2.
Refreshing native plugins compatible for Editor in 66.42 ms, found 2 plugins.
Preloading 0 native plugins for Editor in 0.00 ms.
Initialize engine version: 2020.3.32f1 (12f8b0834f07)
[Subsystems] Discovering subsystems at path D:/Unity editors/2020.3.32f1/Editor/Data/Resources/UnitySubsystems
[Subsystems] Discovering subsystems at path C:/Users/geado/Desktop/RPG_DEMO/RPG_Demo_CemAydinKocabas_116207068/Assets
GfxDevice: creating device client; threaded=0
Direct3D:
    Version:  Direct3D 11.0 [level 11.1]
    Renderer: NVIDIA GeForce GTX 1660 SUPER (ID=0x21c4)
    Vendor:   
    VRAM:     5992 MB
    Driver:   30.0.15.1215
Initialize mono
Mono path[0] = 'D:/Unity editors/2020.3.32f1/Editor/Data/Managed'
Mono path[1] = 'D:/Unity editors/2020.3.32f1/Editor/Data/MonoBleedingEdge/lib/mono/unityjit'
Mono config path = 'D:/Unity editors/2020.3.32f1/Editor/Data/MonoBleedingEdge/etc'
Using monoOptions --debugger-agent=transport=dt_socket,embedding=1,server=y,suspend=n,address=127.0.0.1:56756
Begin MonoManager ReloadAssembly
Registering precompiled unity dll's ...
Register platform support module: D:/Unity editors/2020.3.32f1/Editor/Data/PlaybackEngines/WindowsStandaloneSupport/UnityEditor.WindowsStandalone.Extensions.dll
Registered in 0.000765 seconds.
Native extension for WindowsStandalone target not found
Refreshing native plugins compatible for Editor in 61.04 ms, found 2 plugins.
Preloading 0 native plugins for Editor in 0.00 ms.
Mono: successfully reloaded assembly
- Completed reload, in  0.487 seconds
Domain Reload Profiling:
	ReloadAssembly (487ms)
		BeginReloadAssembly (54ms)
			ExecutionOrderSort (0ms)
			DisableScriptedObjects (0ms)
			BackupInstance (0ms)
			ReleaseScriptingObjects (0ms)
			CreateAndSetChildDomain (1ms)
		EndReloadAssembly (379ms)
			LoadAssemblies (53ms)
			RebuildTransferFunctionScriptingTraits (0ms)
			SetupTypeCache (118ms)
			ReleaseScriptCaches (0ms)
			RebuildScriptCaches (23ms)
			SetupLoadedEditorAssemblies (163ms)
				LogAssemblyErrors (0ms)
				InitializePlatformSupportModulesInManaged (3ms)
				SetLoadedEditorAssemblies (0ms)
				RefreshPlugins (61ms)
				BeforeProcessingInitializeOnLoad (6ms)
				ProcessInitializeOnLoadAttributes (68ms)
				ProcessInitializeOnLoadMethodAttributes (24ms)
				AfterProcessingInitializeOnLoad (0ms)
				EditorAssembliesLoaded (0ms)
			ExecutionOrderSort2 (0ms)
			AwakeInstancesAfterBackupRestoration (0ms)
Platform modules already initialized, skipping
Registering precompiled user dll's ...
Registered in 0.003467 seconds.
Begin MonoManager ReloadAssembly
Native extension for WindowsStandalone target not found
Refreshing native plugins compatible for Editor in 59.99 ms, found 2 plugins.
Preloading 0 native plugins for Editor in 0.00 ms.
Mono: successfully reloaded assembly
- Completed reload, in  0.929 seconds
Domain Reload Profiling:
	ReloadAssembly (930ms)
		BeginReloadAssembly (123ms)
			ExecutionOrderSort (0ms)
			DisableScriptedObjects (3ms)
			BackupInstance (0ms)
			ReleaseScriptingObjects (0ms)
			CreateAndSetChildDomain (15ms)
		EndReloadAssembly (761ms)
			LoadAssemblies (83ms)
			RebuildTransferFunctionScriptingTraits (0ms)
			SetupTypeCache (267ms)
			ReleaseScriptCaches (1ms)
			RebuildScriptCaches (43ms)
			SetupLoadedEditorAssemblies (282ms)
				LogAssemblyErrors (0ms)
				InitializePlatformSupportModulesInManaged (2ms)
				SetLoadedEditorAssemblies (0ms)
				RefreshPlugins (60ms)
				BeforeProcessingInitializeOnLoad (63ms)
				ProcessInitializeOnLoadAttributes (145ms)
				ProcessInitializeOnLoadMethodAttributes (10ms)
				AfterProcessingInitializeOnLoad (1ms)
				EditorAssembliesLoaded (0ms)
			ExecutionOrderSort2 (0ms)
			AwakeInstancesAfterBackupRestoration (5ms)
Platform modules already initialized, skipping
========================================================================
Worker process is ready to serve import requests
Launched and connected shader compiler UnityShaderCompiler.exe after 0.04 seconds
Refreshing native plugins compatible for Editor in 0.72 ms, found 2 plugins.
Preloading 0 native plugins for Editor in 0.00 ms.
Unloading 3158 Unused Serialized files (Serialized files now loaded: 0)
System memory in use before: 136.4 MB.
System memory in use after: 136.7 MB.

Unloading 40 unused Assets to reduce memory usage. Loaded Objects now: 3584.
Total: 3.045700 ms (FindLiveObjects: 0.270900 ms CreateObjectMapping: 0.087800 ms MarkObjects: 2.648500 ms  DeleteObjects: 0.037600 ms)

AssetImportParameters requested are different than current active one (requested -> active):
  custom:framework-win-MediaFoundation: 216162199b28c13a410421893ffa2e32 -> 
  custom:video-decoder-ogg-theora: a1e56fd34408186e4bbccfd4996cb3dc -> 
  custom:container-muxer-webm: aa71ff27fc2769a1b78a27578f13a17b -> 
  custom:container-demuxer-webm: 4f35f7cbe854078d1ac9338744f61a02 -> 
  custom:container-demuxer-ogg: 62fdf1f143b41e24485cea50d1cbac27 -> 
  custom:video-encoder-webm-vp8: eb34c28f22e8b96e1ab97ce403110664 -> 
  custom:video-decoder-webm-vp8: 9c59270c3fd7afecdb556c50c9e8de78 -> 
  custom:audio-decoder-ogg-vorbis: bf7c407c2cedff20999df2af8eb42d56 -> 
  custom:audio-encoder-webm-vorbis: bf7c407c2cedff20999df2af8eb42d56 -> 
========================================================================
Received Import Request.
  path: Assets/Scenes
  artifactKey: Guid(ea01351d999c9cc469dba49ba8262c15) Importer(815301076,1909f56bfc062723c751e8b465ee728b)
Start importing Assets/Scenes using Guid(ea01351d999c9cc469dba49ba8262c15) Importer(815301076,1909f56bfc062723c751e8b465ee728b)  -> (artifact id: '245b4d735292c2d7302a4734111ec7ca') in 0.008086 seconds 
========================================================================
Received Import Request.
  Time since last request: 71.583188 seconds.
  path: Assets/Creator Kit - RPG/Scenes/BlankScene.unity
  artifactKey: Guid(6f7f323fbafea47d6b437a00d0d10d3d) Importer(815301076,1909f56bfc062723c751e8b465ee728b)
Start importing Assets/Creator Kit - RPG/Scenes/BlankScene.unity using Guid(6f7f323fbafea47d6b437a00d0d10d3d) Importer(815301076,1909f56bfc062723c751e8b465ee728b)  -> (artifact id: '1f8bfd2cfaf395ead436fc6e1f60e263') in 0.006928 seconds 
========================================================================
Received Import Request.
  Time since last request: 22.426553 seconds.
  path: Assets/Creator Kit - RPG/Scenes/BlankScene 1.unity
  artifactKey: Guid(2ff739ed1018f85458b4b579bbc57b81) Importer(815301076,1909f56bfc062723c751e8b465ee728b)
Start importing Assets/Creator Kit - RPG/Scenes/BlankScene 1.unity using Guid(2ff739ed1018f85458b4b579bbc57b81) Importer(815301076,1909f56bfc062723c751e8b465ee728b)  -> (artifact id: '8f804ff4061f3447092e0e8dd606f258') in 0.006275 seconds 
========================================================================
Received Import Request.
  Time since last request: 27.436570 seconds.
  path: Assets/Creator Kit - RPG/Scenes/Ryunazania.unity
  artifactKey: Guid(2ff739ed1018f85458b4b579bbc57b81) Importer(815301076,1909f56bfc062723c751e8b465ee728b)
Start importing Assets/Creator Kit - RPG/Scenes/Ryunazania.unity using Guid(2ff739ed1018f85458b4b579bbc57b81) Importer(815301076,1909f56bfc062723c751e8b465ee728b)  -> (artifact id: '1509b63071e2a6bcd730724d50be88f6') in 0.005908 seconds 
========================================================================
Received Prepare
Registering precompiled user dll's ...
Registered in 0.003550 seconds.
Begin MonoManager ReloadAssembly
Native extension for WindowsStandalone target not found
Refreshing native plugins compatible for Editor in 0.82 ms, found 2 plugins.
Preloading 0 native plugins for Editor in 0.00 ms.
Mono: successfully reloaded assembly
- Completed reload, in  0.889 seconds
Domain Reload Profiling:
	ReloadAssembly (889ms)
		BeginReloadAssembly (108ms)
			ExecutionOrderSort (0ms)
			DisableScriptedObjects (5ms)
			BackupInstance (0ms)
			ReleaseScriptingObjects (0ms)
			CreateAndSetChildDomain (31ms)
		EndReloadAssembly (725ms)
			LoadAssemblies (93ms)
			RebuildTransferFunctionScriptingTraits (0ms)
			SetupTypeCache (276ms)
			ReleaseScriptCaches (1ms)
			RebuildScriptCaches (38ms)
			SetupLoadedEditorAssemblies (249ms)
				LogAssemblyErrors (0ms)
				InitializePlatformSupportModulesInManaged (4ms)
				SetLoadedEditorAssemblies (0ms)
				RefreshPlugins (1ms)
				BeforeProcessingInitializeOnLoad (64ms)
				ProcessInitializeOnLoadAttributes (170ms)
				ProcessInitializeOnLoadMethodAttributes (10ms)
				AfterProcessingInitializeOnLoad (1ms)
				EditorAssembliesLoaded (0ms)
			ExecutionOrderSort2 (0ms)
			AwakeInstancesAfterBackupRestoration (5ms)
Platform modules already initialized, skipping
Refreshing native plugins compatible for Editor in 0.73 ms, found 2 plugins.
Preloading 0 native plugins for Editor in 0.00 ms.
Unloading 3083 Unused Serialized files (Serialized files now loaded: 0)
System memory in use before: 129.4 MB.
System memory in use after: 129.7 MB.

Unloading 32 unused Assets to reduce memory usage. Loaded Objects now: 3587.
Total: 3.186300 ms (FindLiveObjects: 0.271600 ms CreateObjectMapping: 0.084100 ms MarkObjects: 2.789200 ms  DeleteObjects: 0.040500 ms)

AssetImportParameters requested are different than current active one (requested -> active):
  custom:framework-win-MediaFoundation: 216162199b28c13a410421893ffa2e32 -> 
  custom:video-decoder-ogg-theora: a1e56fd34408186e4bbccfd4996cb3dc -> 
  custom:container-muxer-webm: aa71ff27fc2769a1b78a27578f13a17b -> 
  custom:container-demuxer-webm: 4f35f7cbe854078d1ac9338744f61a02 -> 
  custom:container-demuxer-ogg: 62fdf1f143b41e24485cea50d1cbac27 -> 
  custom:video-encoder-webm-vp8: eb34c28f22e8b96e1ab97ce403110664 -> 
  custom:video-decoder-webm-vp8: 9c59270c3fd7afecdb556c50c9e8de78 -> 
  custom:audio-decoder-ogg-vorbis: bf7c407c2cedff20999df2af8eb42d56 -> 
  custom:audio-encoder-webm-vorbis: bf7c407c2cedff20999df2af8eb42d56 -> 
========================================================================
Received Import Request.
  Time since last request: 3878.988051 seconds.
  path: Assets/Creator Kit - RPG/Prefabs/Character.prefab
  artifactKey: Guid(84535a21e4ab6412690b5fa8acc3908e) Importer(815301076,1909f56bfc062723c751e8b465ee728b)
Start importing Assets/Creator Kit - RPG/Prefabs/Character.prefab using Guid(84535a21e4ab6412690b5fa8acc3908e) Importer(815301076,1909f56bfc062723c751e8b465ee728b)  -> (artifact id: 'a0b5791ecc22c38c9cfbaff3eccb421c') in 0.131041 seconds 
========================================================================
Received Import Request.
  Time since last request: 0.000210 seconds.
  path: Assets/Creator Kit - RPG/Prefabs/UI Camera.prefab
  artifactKey: Guid(fb58dc84dca7b49f99bde3835c80609b) Importer(815301076,1909f56bfc062723c751e8b465ee728b)
Start importing Assets/Creator Kit - RPG/Prefabs/UI Camera.prefab using Guid(fb58dc84dca7b49f99bde3835c80609b) Importer(815301076,1909f56bfc062723c751e8b465ee728b)  -> (artifact id: '421819bef80d1e3ab18ddda00e6d5e2d') in 0.010649 seconds 
========================================================================
Received Import Request.
  Time since last request: 0.000242 seconds.
  path: Assets/Creator Kit - RPG/Prefabs/MessageBar.prefab
  artifactKey: Guid(81816288a86af46c598e1fa3b10e24a4) Importer(815301076,1909f56bfc062723c751e8b465ee728b)
Start importing Assets/Creator Kit - RPG/Prefabs/MessageBar.prefab using Guid(81816288a86af46c598e1fa3b10e24a4) Importer(815301076,1909f56bfc062723c751e8b465ee728b)  -> (artifact id: '66eb6b66201fcc03842aedcc8e4427d6') in 0.050444 seconds 
========================================================================
Received Import Request.
  Time since last request: 0.000243 seconds.
  path: Assets/Creator Kit - RPG/Prefabs/Main Camera.prefab
  artifactKey: Guid(1c14ebde4b5e54881a67b686f46e6b1d) Importer(815301076,1909f56bfc062723c751e8b465ee728b)
Start importing Assets/Creator Kit - RPG/Prefabs/Main Camera.prefab using Guid(1c14ebde4b5e54881a67b686f46e6b1d) Importer(815301076,1909f56bfc062723c751e8b465ee728b)  -> (artifact id: '831a8e71f32edc158d303a1385b1e06e') in 0.008486 seconds 
========================================================================
Received Import Request.
  Time since last request: 0.000273 seconds.
  path: Assets/Creator Kit - RPG/Prefabs/Tilemaps.prefab
  artifactKey: Guid(a6ecdc63374074e6eb42a738a5683a91) Importer(815301076,1909f56bfc062723c751e8b465ee728b)
Start importing Assets/Creator Kit - RPG/Prefabs/Tilemaps.prefab using Guid(a6ecdc63374074e6eb42a738a5683a91) Importer(815301076,1909f56bfc062723c751e8b465ee728b)  -> (artifact id: '6e1ef98a3089d00b8f7e9f02a5672d9e') in 0.039226 seconds 
========================================================================
Received Import Request.
  Time since last request: 0.000246 seconds.
  path: Assets/Creator Kit - RPG/Prefabs/Grid.prefab
  artifactKey: Guid(9cfc23e1a92d54df288065697ba3e2f9) Importer(815301076,1909f56bfc062723c751e8b465ee728b)
Start importing Assets/Creator Kit - RPG/Prefabs/Grid.prefab using Guid(9cfc23e1a92d54df288065697ba3e2f9) Importer(815301076,1909f56bfc062723c751e8b465ee728b)  -> (artifact id: '67d1f7a1502218eeb7c26e0ab8547ab8') in 0.060431 seconds 
========================================================================
Received Import Request.
  Time since last request: 0.000313 seconds.
  path: Assets/Creator Kit - RPG/Prefabs/Controllers.prefab
  artifactKey: Guid(d96c0846c7d644f72bfbf301de1def5c) Importer(815301076,1909f56bfc062723c751e8b465ee728b)
Start importing Assets/Creator Kit - RPG/Prefabs/Controllers.prefab using Guid(d96c0846c7d644f72bfbf301de1def5c) Importer(815301076,1909f56bfc062723c751e8b465ee728b)  -> (artifact id: 'd614ba0d6e2c661a5a83c8dfd0ceac61') in 0.015200 seconds 
========================================================================
Received Import Request.
  Time since last request: 0.000273 seconds.
  path: Assets/Creator Kit - RPG/Prefabs/DialogController.prefab
  artifactKey: Guid(ab3f7178010354d87a5016c7d6b23a5a) Importer(815301076,1909f56bfc062723c751e8b465ee728b)
Start importing Assets/Creator Kit - RPG/Prefabs/DialogController.prefab using Guid(ab3f7178010354d87a5016c7d6b23a5a) Importer(815301076,1909f56bfc062723c751e8b465ee728b)  -> (artifact id: '33299912da5b2bd2b35e2ff92d7c34b8') in 0.027950 seconds 
========================================================================
Received Import Request.
  Time since last request: 0.000241 seconds.
  path: Assets/Creator Kit - RPG/Prefabs/HouseOpenDoor.prefab
  artifactKey: Guid(8d9e5ee92a6bccc4892e3ebb23cc4766) Importer(815301076,1909f56bfc062723c751e8b465ee728b)
Start importing Assets/Creator Kit - RPG/Prefabs/HouseOpenDoor.prefab using Guid(8d9e5ee92a6bccc4892e3ebb23cc4766) Importer(815301076,1909f56bfc062723c751e8b465ee728b)  -> (artifact id: '7b49d42bb4c7e6a51b1412c2b4cce0a7') in 0.013002 seconds 
========================================================================
Received Import Request.
  Time since last request: 0.000261 seconds.
  path: Assets/Creator Kit - RPG/Prefabs/Inventory.prefab
  artifactKey: Guid(7c53998562858411aa85d8e0c4bc1333) Importer(815301076,1909f56bfc062723c751e8b465ee728b)
Start importing Assets/Creator Kit - RPG/Prefabs/Inventory.prefab using Guid(7c53998562858411aa85d8e0c4bc1333) Importer(815301076,1909f56bfc062723c751e8b465ee728b)  -> (artifact id: '9fe90dc1258a561eaa2719e20c5bc91f') in 0.026874 seconds 
========================================================================
Received Import Request.
  Time since last request: 0.000269 seconds.
  path: Assets/Creator Kit - RPG/Prefabs/InventoryDialog.prefab
  artifactKey: Guid(9c7cbb01d716340ab97a9c902e59ccee) Importer(815301076,1909f56bfc062723c751e8b465ee728b)
Start importing Assets/Creator Kit - RPG/Prefabs/InventoryDialog.prefab using Guid(9c7cbb01d716340ab97a9c902e59ccee) Importer(815301076,1909f56bfc062723c751e8b465ee728b)  -> (artifact id: 'ca4322d2a4cd98c7a7c35b06980f3c18') in 0.027950 seconds 
========================================================================
Received Import Request.
  Time since last request: 0.000293 seconds.
  path: Assets/Creator Kit - RPG/Prefabs/HouseRoof.prefab
  artifactKey: Guid(4ca9604554bc54f608984cba5088222e) Importer(815301076,1909f56bfc062723c751e8b465ee728b)
Start importing Assets/Creator Kit - RPG/Prefabs/HouseRoof.prefab using Guid(4ca9604554bc54f608984cba5088222e) Importer(815301076,1909f56bfc062723c751e8b465ee728b)  -> (artifact id: 'cdc7acf4bf8714c4a15d867abcd998c3') in 0.013276 seconds 
========================================================================
Received Import Request.
  Time since last request: 0.000254 seconds.
  path: Assets/Creator Kit - RPG/Prefabs/HouseChimney.prefab
  artifactKey: Guid(4d6bc847403394c328ca695ffeb4a209) Importer(815301076,1909f56bfc062723c751e8b465ee728b)
Start importing Assets/Creator Kit - RPG/Prefabs/HouseChimney.prefab using Guid(4d6bc847403394c328ca695ffeb4a209) Importer(815301076,1909f56bfc062723c751e8b465ee728b)  -> (artifact id: '97c4520d30fa85c28360f9b0ddd15bd5') in 0.013082 seconds 
========================================================================
Received Prepare
Registering precompiled user dll's ...
Registered in 0.003172 seconds.
Begin MonoManager ReloadAssembly
Native extension for WindowsStandalone target not found
Refreshing native plugins compatible for Editor in 0.89 ms, found 2 plugins.
Preloading 0 native plugins for Editor in 0.00 ms.
Mono: successfully reloaded assembly
- Completed reload, in  0.841 seconds
Domain Reload Profiling:
	ReloadAssembly (842ms)
		BeginReloadAssembly (101ms)
			ExecutionOrderSort (0ms)
			DisableScriptedObjects (4ms)
			BackupInstance (0ms)
			ReleaseScriptingObjects (0ms)
			CreateAndSetChildDomain (31ms)
		EndReloadAssembly (691ms)
			LoadAssemblies (82ms)
			RebuildTransferFunctionScriptingTraits (0ms)
			SetupTypeCache (257ms)
			ReleaseScriptCaches (1ms)
			RebuildScriptCaches (39ms)
			SetupLoadedEditorAssemblies (240ms)
				LogAssemblyErrors (0ms)
				InitializePlatformSupportModulesInManaged (4ms)
				SetLoadedEditorAssemblies (0ms)
				RefreshPlugins (1ms)
				BeforeProcessingInitializeOnLoad (58ms)
				ProcessInitializeOnLoadAttributes (166ms)
				ProcessInitializeOnLoadMethodAttributes (9ms)
				AfterProcessingInitializeOnLoad (2ms)
				EditorAssembliesLoaded (0ms)
			ExecutionOrderSort2 (0ms)
			AwakeInstancesAfterBackupRestoration (6ms)
Platform modules already initialized, skipping
Refreshing native plugins compatible for Editor in 0.78 ms, found 2 plugins.
Preloading 0 native plugins for Editor in 0.00 ms.
Unloading 3083 Unused Serialized files (Serialized files now loaded: 0)
System memory in use before: 132.6 MB.
System memory in use after: 132.8 MB.

Unloading 35 unused Assets to reduce memory usage. Loaded Objects now: 3597.
Total: 3.153200 ms (FindLiveObjects: 0.286900 ms CreateObjectMapping: 0.078600 ms MarkObjects: 2.727600 ms  DeleteObjects: 0.059100 ms)

AssetImportParameters requested are different than current active one (requested -> active):
  custom:framework-win-MediaFoundation: 216162199b28c13a410421893ffa2e32 -> 
  custom:video-decoder-ogg-theora: a1e56fd34408186e4bbccfd4996cb3dc -> 
  custom:container-muxer-webm: aa71ff27fc2769a1b78a27578f13a17b -> 
  custom:container-demuxer-webm: 4f35f7cbe854078d1ac9338744f61a02 -> 
  custom:container-demuxer-ogg: 62fdf1f143b41e24485cea50d1cbac27 -> 
  custom:video-encoder-webm-vp8: eb34c28f22e8b96e1ab97ce403110664 -> 
  custom:video-decoder-webm-vp8: 9c59270c3fd7afecdb556c50c9e8de78 -> 
  custom:audio-decoder-ogg-vorbis: bf7c407c2cedff20999df2af8eb42d56 -> 
  custom:audio-encoder-webm-vorbis: bf7c407c2cedff20999df2af8eb42d56 -> 
========================================================================
Received Prepare
Registering precompiled user dll's ...
Registered in 0.004301 seconds.
Begin MonoManager ReloadAssembly
Native extension for WindowsStandalone target not found
Refreshing native plugins compatible for Editor in 1.05 ms, found 2 plugins.
Preloading 0 native plugins for Editor in 0.00 ms.
Mono: successfully reloaded assembly
- Completed reload, in  0.963 seconds
Domain Reload Profiling:
	ReloadAssembly (963ms)
		BeginReloadAssembly (111ms)
			ExecutionOrderSort (0ms)
			DisableScriptedObjects (5ms)
			BackupInstance (0ms)
			ReleaseScriptingObjects (0ms)
			CreateAndSetChildDomain (33ms)
		EndReloadAssembly (795ms)
			LoadAssemblies (98ms)
			RebuildTransferFunctionScriptingTraits (0ms)
			SetupTypeCache (304ms)
			ReleaseScriptCaches (2ms)
			RebuildScriptCaches (44ms)
			SetupLoadedEditorAssemblies (267ms)
				LogAssemblyErrors (0ms)
				InitializePlatformSupportModulesInManaged (4ms)
				SetLoadedEditorAssemblies (0ms)
				RefreshPlugins (1ms)
				BeforeProcessingInitializeOnLoad (67ms)
				ProcessInitializeOnLoadAttributes (182ms)
				ProcessInitializeOnLoadMethodAttributes (12ms)
				AfterProcessingInitializeOnLoad (2ms)
				EditorAssembliesLoaded (0ms)
			ExecutionOrderSort2 (0ms)
			AwakeInstancesAfterBackupRestoration (6ms)
Platform modules already initialized, skipping
Refreshing native plugins compatible for Editor in 0.83 ms, found 2 plugins.
Preloading 0 native plugins for Editor in 0.00 ms.
Unloading 3083 Unused Serialized files (Serialized files now loaded: 0)
System memory in use before: 132.6 MB.
System memory in use after: 132.9 MB.

Unloading 32 unused Assets to reduce memory usage. Loaded Objects now: 3600.
Total: 3.833500 ms (FindLiveObjects: 0.298200 ms CreateObjectMapping: 0.080200 ms MarkObjects: 3.420400 ms  DeleteObjects: 0.033400 ms)

AssetImportParameters requested are different than current active one (requested -> active):
  custom:framework-win-MediaFoundation: 216162199b28c13a410421893ffa2e32 -> 
  custom:video-decoder-ogg-theora: a1e56fd34408186e4bbccfd4996cb3dc -> 
  custom:container-muxer-webm: aa71ff27fc2769a1b78a27578f13a17b -> 
  custom:container-demuxer-webm: 4f35f7cbe854078d1ac9338744f61a02 -> 
  custom:container-demuxer-ogg: 62fdf1f143b41e24485cea50d1cbac27 -> 
  custom:video-encoder-webm-vp8: eb34c28f22e8b96e1ab97ce403110664 -> 
  custom:video-decoder-webm-vp8: 9c59270c3fd7afecdb556c50c9e8de78 -> 
  custom:audio-decoder-ogg-vorbis: bf7c407c2cedff20999df2af8eb42d56 -> 
  custom:audio-encoder-webm-vorbis: bf7c407c2cedff20999df2af8eb42d56 -> 
========================================================================
Received Prepare
Registering precompiled user dll's ...
Registered in 0.003700 seconds.
Begin MonoManager ReloadAssembly
Native extension for WindowsStandalone target not found
Refreshing native plugins compatible for Editor in 0.82 ms, found 2 plugins.
Preloading 0 native plugins for Editor in 0.00 ms.
Mono: successfully reloaded assembly
- Completed reload, in  0.871 seconds
Domain Reload Profiling:
	ReloadAssembly (871ms)
		BeginReloadAssembly (105ms)
			ExecutionOrderSort (0ms)
			DisableScriptedObjects (5ms)
			BackupInstance (0ms)
			ReleaseScriptingObjects (0ms)
			CreateAndSetChildDomain (31ms)
		EndReloadAssembly (715ms)
			LoadAssemblies (89ms)
			RebuildTransferFunctionScriptingTraits (0ms)
			SetupTypeCache (257ms)
			ReleaseScriptCaches (1ms)
			RebuildScriptCaches (41ms)
			SetupLoadedEditorAssemblies (255ms)
				LogAssemblyErrors (0ms)
				InitializePlatformSupportModulesInManaged (3ms)
				SetLoadedEditorAssemblies (0ms)
				RefreshPlugins (1ms)
				BeforeProcessingInitializeOnLoad (62ms)
				ProcessInitializeOnLoadAttributes (177ms)
				ProcessInitializeOnLoadMethodAttributes (10ms)
				AfterProcessingInitializeOnLoad (2ms)
				EditorAssembliesLoaded (0ms)
			ExecutionOrderSort2 (0ms)
			AwakeInstancesAfterBackupRestoration (5ms)
Platform modules already initialized, skipping
Refreshing native plugins compatible for Editor in 0.80 ms, found 2 plugins.
Preloading 0 native plugins for Editor in 0.00 ms.
Unloading 3083 Unused Serialized files (Serialized files now loaded: 0)
System memory in use before: 132.7 MB.
System memory in use after: 132.9 MB.

Unloading 32 unused Assets to reduce memory usage. Loaded Objects now: 3603.
Total: 3.670500 ms (FindLiveObjects: 0.289600 ms CreateObjectMapping: 0.115300 ms MarkObjects: 3.215300 ms  DeleteObjects: 0.049200 ms)

AssetImportParameters requested are different than current active one (requested -> active):
  custom:framework-win-MediaFoundation: 216162199b28c13a410421893ffa2e32 -> 
  custom:video-decoder-ogg-theora: a1e56fd34408186e4bbccfd4996cb3dc -> 
  custom:container-muxer-webm: aa71ff27fc2769a1b78a27578f13a17b -> 
  custom:container-demuxer-webm: 4f35f7cbe854078d1ac9338744f61a02 -> 
  custom:container-demuxer-ogg: 62fdf1f143b41e24485cea50d1cbac27 -> 
  custom:video-encoder-webm-vp8: eb34c28f22e8b96e1ab97ce403110664 -> 
  custom:video-decoder-webm-vp8: 9c59270c3fd7afecdb556c50c9e8de78 -> 
  custom:audio-decoder-ogg-vorbis: bf7c407c2cedff20999df2af8eb42d56 -> 
  custom:audio-encoder-webm-vorbis: bf7c407c2cedff20999df2af8eb42d56 -> 
========================================================================
Received Import Request.
  Time since last request: 1787.752459 seconds.
  path: Assets/Creator Kit - RPG/Art/Sprites
  artifactKey: Guid(41c83a1bfc4964a3ca4b3120a0ae491f) Importer(815301076,1909f56bfc062723c751e8b465ee728b)
Start importing Assets/Creator Kit - RPG/Art/Sprites using Guid(41c83a1bfc4964a3ca4b3120a0ae491f) Importer(815301076,1909f56bfc062723c751e8b465ee728b)  -> (artifact id: 'e4e0ef8f3255618837da0b5f9e31012a') in 0.009070 seconds 
========================================================================
Received Import Request.
  Time since last request: 2.770609 seconds.
  path: Assets/Creator Kit - RPG/Art/Sprites/Animated Environment
  artifactKey: Guid(061f0d3f22cdeb14ab9c1680b6aa0973) Importer(815301076,1909f56bfc062723c751e8b465ee728b)
Start importing Assets/Creator Kit - RPG/Art/Sprites/Animated Environment using Guid(061f0d3f22cdeb14ab9c1680b6aa0973) Importer(815301076,1909f56bfc062723c751e8b465ee728b)  -> (artifact id: 'ebb70bc9b9b860ccb91492fc5c239cab') in 0.005113 seconds 
========================================================================
Received Import Request.
  Time since last request: 0.046885 seconds.
  path: Assets/Creator Kit - RPG/Art/Sprites/Animated Environment/Animated_HighGrass_Sheet.png
  artifactKey: Guid(41a5838cb902bfa43b3d51f653cd804a) Importer(815301076,1909f56bfc062723c751e8b465ee728b)
Start importing Assets/Creator Kit - RPG/Art/Sprites/Animated Environment/Animated_HighGrass_Sheet.png using Guid(41a5838cb902bfa43b3d51f653cd804a) Importer(815301076,1909f56bfc062723c751e8b465ee728b)  -> (artifact id: '8ad22484a616c16a1bf05b1a1cece4bf') in 0.197636 seconds 
========================================================================
Received Import Request.
  Time since last request: 0.000169 seconds.
  path: Assets/Creator Kit - RPG/Art/Sprites/Animated Environment/Animated_WaterCorners_Sheet.png
  artifactKey: Guid(cb2c6dcd19a1c244c9fcc9bd04cebd2d) Importer(815301076,1909f56bfc062723c751e8b465ee728b)
Start importing Assets/Creator Kit - RPG/Art/Sprites/Animated Environment/Animated_WaterCorners_Sheet.png using Guid(cb2c6dcd19a1c244c9fcc9bd04cebd2d) Importer(815301076,1909f56bfc062723c751e8b465ee728b)  -> (artifact id: '1086ca7e06366de9cd0b32e76501a480') in 0.069160 seconds 
========================================================================
Received Import Request.
  Time since last request: 0.000120 seconds.
  path: Assets/Creator Kit - RPG/Art/Sprites/Animated Environment/Animated_Leaves_Sheet.png
  artifactKey: Guid(96e993a3f475b384f845f47980d6d932) Importer(815301076,1909f56bfc062723c751e8b465ee728b)
Start importing Assets/Creator Kit - RPG/Art/Sprites/Animated Environment/Animated_Leaves_Sheet.png using Guid(96e993a3f475b384f845f47980d6d932) Importer(815301076,1909f56bfc062723c751e8b465ee728b)  -> (artifact id: '71db03cbecb16a6080c6be1651447c0b') in 0.022685 seconds 
========================================================================
Received Import Request.
  Time since last request: 0.000137 seconds.
  path: Assets/Creator Kit - RPG/Art/Sprites/Animated Environment/Animated_Water_Sheet.png
  artifactKey: Guid(aaa735c5fdc695d4691e911ab4338879) Importer(815301076,1909f56bfc062723c751e8b465ee728b)
Start importing Assets/Creator Kit - RPG/Art/Sprites/Animated Environment/Animated_Water_Sheet.png using Guid(aaa735c5fdc695d4691e911ab4338879) Importer(815301076,1909f56bfc062723c751e8b465ee728b)  -> (artifact id: '0b71aa807d5d2c8dbaf71552f7ec00e7') in 0.151685 seconds 
========================================================================
Received Import Request.
  Time since last request: 0.000124 seconds.
  path: Assets/Creator Kit - RPG/Art/Sprites/Animated Environment/Animated_Tree1_Sheet.png
  artifactKey: Guid(c12a9ef0e75f18949a86a10822cf29f5) Importer(815301076,1909f56bfc062723c751e8b465ee728b)
Start importing Assets/Creator Kit - RPG/Art/Sprites/Animated Environment/Animated_Tree1_Sheet.png using Guid(c12a9ef0e75f18949a86a10822cf29f5) Importer(815301076,1909f56bfc062723c751e8b465ee728b)  -> (artifact id: 'c4a8abf3b10c1e4b594ac5e6e02b6c13') in 0.033566 seconds 
========================================================================
Received Import Request.
  Time since last request: 0.000127 seconds.
  path: Assets/Creator Kit - RPG/Art/Sprites/Animated Environment/Animated_Smoke_Sheet.png
  artifactKey: Guid(5cc535ba862941440a276a5629cd0391) Importer(815301076,1909f56bfc062723c751e8b465ee728b)
Start importing Assets/Creator Kit - RPG/Art/Sprites/Animated Environment/Animated_Smoke_Sheet.png using Guid(5cc535ba862941440a276a5629cd0391) Importer(815301076,1909f56bfc062723c751e8b465ee728b)  -> (artifact id: 'ba6e58bfbe323548859438e5398c9b46') in 0.029762 seconds 
========================================================================
Received Import Request.
  Time since last request: 0.000140 seconds.
  path: Assets/Creator Kit - RPG/Art/Sprites/Animated Environment/Animated_Tree2_Sheet.png
  artifactKey: Guid(4c4775fa3485eda4197558b5d1206d16) Importer(815301076,1909f56bfc062723c751e8b465ee728b)
Start importing Assets/Creator Kit - RPG/Art/Sprites/Animated Environment/Animated_Tree2_Sheet.png using Guid(4c4775fa3485eda4197558b5d1206d16) Importer(815301076,1909f56bfc062723c751e8b465ee728b)  -> (artifact id: '28f63561c9faf5993528cd2510cd6a02') in 0.042441 seconds 
========================================================================
Received Import Request.
  Time since last request: 0.000144 seconds.
  path: Assets/Creator Kit - RPG/Art/Sprites/Animated Environment/Animated_Tree3_Sheet.png
  artifactKey: Guid(12d14b4f7de20ff4da9bc415c17c4162) Importer(815301076,1909f56bfc062723c751e8b465ee728b)
Start importing Assets/Creator Kit - RPG/Art/Sprites/Animated Environment/Animated_Tree3_Sheet.png using Guid(12d14b4f7de20ff4da9bc415c17c4162) Importer(815301076,1909f56bfc062723c751e8b465ee728b)  -> (artifact id: 'a251a00256fd055b6f2d03bb73df82ac') in 0.032556 seconds 
========================================================================
Received Import Request.
  Time since last request: 9.706701 seconds.
  path: Assets/Creator Kit - RPG/Art/Sprites/Environment/Cloud1.png
  artifactKey: Guid(3dd7a0a47117acb40adbfe0778729b81) Importer(815301076,1909f56bfc062723c751e8b465ee728b)
Start importing Assets/Creator Kit - RPG/Art/Sprites/Environment/Cloud1.png using Guid(3dd7a0a47117acb40adbfe0778729b81) Importer(815301076,1909f56bfc062723c751e8b465ee728b)  -> (artifact id: '1243ace0349be5c50b514fa56121b009') in 0.020724 seconds 
========================================================================
Received Import Request.
  Time since last request: 0.000117 seconds.
  path: Assets/Creator Kit - RPG/Art/Sprites/Environment/Cloud2.png
  artifactKey: Guid(8770f05271826164aadd939d4728d3a1) Importer(815301076,1909f56bfc062723c751e8b465ee728b)
Start importing Assets/Creator Kit - RPG/Art/Sprites/Environment/Cloud2.png using Guid(8770f05271826164aadd939d4728d3a1) Importer(815301076,1909f56bfc062723c751e8b465ee728b)  -> (artifact id: '53d15bc94fa89f70a9ace19cc908248b') in 0.013407 seconds 
========================================================================
Received Import Request.
  Time since last request: 0.000205 seconds.
  path: Assets/Creator Kit - RPG/Art/Sprites/Environment/Fence.png
  artifactKey: Guid(a53d2c44340a6d14ea260ceefba9a1e8) Importer(815301076,1909f56bfc062723c751e8b465ee728b)
Start importing Assets/Creator Kit - RPG/Art/Sprites/Environment/Fence.png using Guid(a53d2c44340a6d14ea260ceefba9a1e8) Importer(815301076,1909f56bfc062723c751e8b465ee728b)  -> (artifact id: '3890d5a7870bccfa2dfb202fd4008eb3') in 0.041177 seconds 
========================================================================
Received Import Request.
  Time since last request: 0.000129 seconds.
  path: Assets/Creator Kit - RPG/Art/Sprites/Environment/HouseRoof.png
  artifactKey: Guid(b694b22057cf35c4e96748f66d3f1f75) Importer(815301076,1909f56bfc062723c751e8b465ee728b)
Start importing Assets/Creator Kit - RPG/Art/Sprites/Environment/HouseRoof.png using Guid(b694b22057cf35c4e96748f66d3f1f75) Importer(815301076,1909f56bfc062723c751e8b465ee728b)  -> (artifact id: 'aa1798851b237a53af002faf972042f6') in 0.012793 seconds 
========================================================================
Received Import Request.
  Time since last request: 0.000192 seconds.
  path: Assets/Creator Kit - RPG/Art/Sprites/Environment/House.png
  artifactKey: Guid(8a9662b554744da4e97ed5bba5353115) Importer(815301076,1909f56bfc062723c751e8b465ee728b)
Start importing Assets/Creator Kit - RPG/Art/Sprites/Environment/House.png using Guid(8a9662b554744da4e97ed5bba5353115) Importer(815301076,1909f56bfc062723c751e8b465ee728b)  -> (artifact id: 'e5158d855d2189d5cea6dbe710fe71cb') in 0.069754 seconds 
========================================================================
Received Import Request.
  Time since last request: 0.000169 seconds.
  path: Assets/Creator Kit - RPG/Art/Sprites/Environment/HouseChimney.png
  artifactKey: Guid(abdcf40be89574346bcdb8a45022ba72) Importer(815301076,1909f56bfc062723c751e8b465ee728b)
Start importing Assets/Creator Kit - RPG/Art/Sprites/Environment/HouseChimney.png using Guid(abdcf40be89574346bcdb8a45022ba72) Importer(815301076,1909f56bfc062723c751e8b465ee728b)  -> (artifact id: '6182c5957d5cf3c2166887afdecfae88') in 0.012863 seconds 
========================================================================
Received Import Request.
  Time since last request: 0.000157 seconds.
  path: Assets/Creator Kit - RPG/Art/Sprites/Environment/Cloud3.png
  artifactKey: Guid(f3fd60347f10d1f46aa6495101e7de38) Importer(815301076,1909f56bfc062723c751e8b465ee728b)
Start importing Assets/Creator Kit - RPG/Art/Sprites/Environment/Cloud3.png using Guid(f3fd60347f10d1f46aa6495101e7de38) Importer(815301076,1909f56bfc062723c751e8b465ee728b)  -> (artifact id: '3c94c0f1f09557a071a0511abcf02d34') in 0.012264 seconds 
========================================================================
Received Import Request.
  Time since last request: 0.000180 seconds.
  path: Assets/Creator Kit - RPG/Art/Sprites/Environment/Items.png
  artifactKey: Guid(a4dbce958f01af8489942a973bfe20c3) Importer(815301076,1909f56bfc062723c751e8b465ee728b)
Start importing Assets/Creator Kit - RPG/Art/Sprites/Environment/Items.png using Guid(a4dbce958f01af8489942a973bfe20c3) Importer(815301076,1909f56bfc062723c751e8b465ee728b)  -> (artifact id: '6ad5d4eb18004db4f6d1dca7c09c46f8') in 0.036315 seconds 
========================================================================
Received Import Request.
  Time since last request: 527.652075 seconds.
  path: Assets/Creator Kit - RPG/Art/Sprites/Environment/Pipeline_StoneWalkpath.png
  artifactKey: Guid(b2cf06612d923d6438d12b0d3a2c7ecc) Importer(815301076,1909f56bfc062723c751e8b465ee728b)
Start importing Assets/Creator Kit - RPG/Art/Sprites/Environment/Pipeline_StoneWalkpath.png using Guid(b2cf06612d923d6438d12b0d3a2c7ecc) Importer(815301076,1909f56bfc062723c751e8b465ee728b)  -> (artifact id: '3d8704c0c961eabe064b9c695c1f2bef') in 0.044857 seconds 
========================================================================
Received Import Request.
  Time since last request: 0.000192 seconds.
  path: Assets/Creator Kit - RPG/Art/Sprites/Environment/Pipeline_Walkpath.png
  artifactKey: Guid(4567a16d0e0692048b18bfbb59a5b426) Importer(815301076,1909f56bfc062723c751e8b465ee728b)
Start importing Assets/Creator Kit - RPG/Art/Sprites/Environment/Pipeline_Walkpath.png using Guid(4567a16d0e0692048b18bfbb59a5b426) Importer(815301076,1909f56bfc062723c751e8b465ee728b)  -> (artifact id: 'c56180d5ee5f9e1bbcda7dd7d0d16eee') in 0.056333 seconds 
========================================================================
Received Import Request.
  Time since last request: 0.000202 seconds.
  path: Assets/Creator Kit - RPG/Art/Sprites/Environment/static environment objects.png
  artifactKey: Guid(e10c13642d970a64cbfb16f898fcd46c) Importer(815301076,1909f56bfc062723c751e8b465ee728b)
Start importing Assets/Creator Kit - RPG/Art/Sprites/Environment/static environment objects.png using Guid(e10c13642d970a64cbfb16f898fcd46c) Importer(815301076,1909f56bfc062723c751e8b465ee728b)  -> (artifact id: '40312bb112d0d479c5760000b8b3e9ad') in 0.038762 seconds 
========================================================================
Received Import Request.
  Time since last request: 0.000237 seconds.
  path: Assets/Creator Kit - RPG/Art/Sprites/Environment/RockCliff.png
  artifactKey: Guid(b63a2439c80a4fe45bfe85f860f4b8d9) Importer(815301076,1909f56bfc062723c751e8b465ee728b)
Start importing Assets/Creator Kit - RPG/Art/Sprites/Environment/RockCliff.png using Guid(b63a2439c80a4fe45bfe85f860f4b8d9) Importer(815301076,1909f56bfc062723c751e8b465ee728b)  -> (artifact id: 'f83065622fff4e5a9acbaa2bdf18c7fe') in 0.026273 seconds 
========================================================================
Received Import Request.
  Time since last request: 5.687625 seconds.
  path: Assets/Creator Kit - RPG/Art/Sprites/Characters/Characters01_AnimationSheet.png
  artifactKey: Guid(f22540e8ea335034b92c27795aa254c6) Importer(815301076,1909f56bfc062723c751e8b465ee728b)
Start importing Assets/Creator Kit - RPG/Art/Sprites/Characters/Characters01_AnimationSheet.png using Guid(f22540e8ea335034b92c27795aa254c6) Importer(815301076,1909f56bfc062723c751e8b465ee728b)  -> (artifact id: 'c62171b9a99db5d1f97569ffed708604') in 0.146099 seconds 
========================================================================
Received Import Request.
  Time since last request: 0.000277 seconds.
  path: Assets/Creator Kit - RPG/Art/Sprites/Characters/Characters02_AnimationSheet.png
  artifactKey: Guid(3f198c94b65508c44a32b4b4072bb419) Importer(815301076,1909f56bfc062723c751e8b465ee728b)
Start importing Assets/Creator Kit - RPG/Art/Sprites/Characters/Characters02_AnimationSheet.png using Guid(3f198c94b65508c44a32b4b4072bb419) Importer(815301076,1909f56bfc062723c751e8b465ee728b)  -> (artifact id: '72919a551b68a7ce062d9588634f137a') in 0.122859 seconds 
========================================================================
Received Import Request.
  Time since last request: 10.069800 seconds.
  path: Assets/Creator Kit - RPG/Art/Animators/Archer-Override.overrideController
  artifactKey: Guid(7ee3425d802434ff69fadaff765bcb79) Importer(815301076,1909f56bfc062723c751e8b465ee728b)
Start importing Assets/Creator Kit - RPG/Art/Animators/Archer-Override.overrideController using Guid(7ee3425d802434ff69fadaff765bcb79) Importer(815301076,1909f56bfc062723c751e8b465ee728b)  -> (artifact id: '1bf9c88903be9290f038415d051c9619') in 0.012276 seconds 
========================================================================
Received Import Request.
  Time since last request: 0.000246 seconds.
  path: Assets/Creator Kit - RPG/Art/Animators/Thief-Override.overrideController
  artifactKey: Guid(7bfb43d7068f94aff8f20e9a7916bee6) Importer(815301076,1909f56bfc062723c751e8b465ee728b)
Start importing Assets/Creator Kit - RPG/Art/Animators/Thief-Override.overrideController using Guid(7bfb43d7068f94aff8f20e9a7916bee6) Importer(815301076,1909f56bfc062723c751e8b465ee728b)  -> (artifact id: '2f24c354eecc5d234e3d1c75a478740b') in 0.019285 seconds 
========================================================================
Received Import Request.
  Time since last request: 0.000292 seconds.
  path: Assets/Creator Kit - RPG/Art/Animators/Warrior-Override.overrideController
  artifactKey: Guid(3caa1e5e0e6c343d69793b2b5dd95939) Importer(815301076,1909f56bfc062723c751e8b465ee728b)
Start importing Assets/Creator Kit - RPG/Art/Animators/Warrior-Override.overrideController using Guid(3caa1e5e0e6c343d69793b2b5dd95939) Importer(815301076,1909f56bfc062723c751e8b465ee728b)  -> (artifact id: '17d2fbe42558c3992636a89518b8006c') in 0.010535 seconds 
========================================================================
Received Import Request.
  Time since last request: 134.367740 seconds.
  path: Assets/Creator Kit - RPG/Art/Sprites/Floors/Tiles_DarkGrasstoGrass.png
  artifactKey: Guid(c0a5a87d19188f54ebc44df12c0ef2c5) Importer(815301076,1909f56bfc062723c751e8b465ee728b)
Start importing Assets/Creator Kit - RPG/Art/Sprites/Floors/Tiles_DarkGrasstoGrass.png using Guid(c0a5a87d19188f54ebc44df12c0ef2c5) Importer(815301076,1909f56bfc062723c751e8b465ee728b)  -> (artifact id: '8bbf3c8659eea8790182447a6b24062e') in 0.031506 seconds 
========================================================================
Received Import Request.
  Time since last request: 0.000201 seconds.
  path: Assets/Creator Kit - RPG/Art/Sprites/Floors/Tiles_GrassVariant.png
  artifactKey: Guid(84497fb83bb127248be9d1bc49bfd586) Importer(815301076,1909f56bfc062723c751e8b465ee728b)
Start importing Assets/Creator Kit - RPG/Art/Sprites/Floors/Tiles_GrassVariant.png using Guid(84497fb83bb127248be9d1bc49bfd586) Importer(815301076,1909f56bfc062723c751e8b465ee728b)  -> (artifact id: '9ad4f9a38f256cde23794ed94cc5d70d') in 0.038136 seconds 
========================================================================
Received Import Request.
  Time since last request: 0.000225 seconds.
  path: Assets/Creator Kit - RPG/Art/Sprites/Floors/Tiles_Grass.png
  artifactKey: Guid(f0c5dcd8670748f44885d4dd86ca8c11) Importer(815301076,1909f56bfc062723c751e8b465ee728b)
Start importing Assets/Creator Kit - RPG/Art/Sprites/Floors/Tiles_Grass.png using Guid(f0c5dcd8670748f44885d4dd86ca8c11) Importer(815301076,1909f56bfc062723c751e8b465ee728b)  -> (artifact id: '7c7fd716aafce3594a5c3de0408d71ea') in 0.038126 seconds 
========================================================================
Received Import Request.
  Time since last request: 0.000205 seconds.
  path: Assets/Creator Kit - RPG/Art/Sprites/Floors/Tiles_DesertToGrass.png
  artifactKey: Guid(e1a1413c04362fd45b5c32ba9200e42b) Importer(815301076,1909f56bfc062723c751e8b465ee728b)
Start importing Assets/Creator Kit - RPG/Art/Sprites/Floors/Tiles_DesertToGrass.png using Guid(e1a1413c04362fd45b5c32ba9200e42b) Importer(815301076,1909f56bfc062723c751e8b465ee728b)  -> (artifact id: '0b82e1b6435dc36f7f27bf9152e0341e') in 0.036614 seconds 
========================================================================
Received Import Request.
  Time since last request: 0.000278 seconds.
  path: Assets/Creator Kit - RPG/Art/Sprites/Floors/Tiles_Desert.png
  artifactKey: Guid(3fee7df828e6f284bbcf208bce9c5e21) Importer(815301076,1909f56bfc062723c751e8b465ee728b)
Start importing Assets/Creator Kit - RPG/Art/Sprites/Floors/Tiles_Desert.png using Guid(3fee7df828e6f284bbcf208bce9c5e21) Importer(815301076,1909f56bfc062723c751e8b465ee728b)  -> (artifact id: 'ed83f569cfbc15063a9ccf148186649d') in 0.048115 seconds 
========================================================================
Received Import Request.
  Time since last request: 0.000210 seconds.
  path: Assets/Creator Kit - RPG/Art/Sprites/Floors/Tiles_GrassToDesert.png
  artifactKey: Guid(78ad6eb3988a8e440bbf2a9ecc2d918f) Importer(815301076,1909f56bfc062723c751e8b465ee728b)
Start importing Assets/Creator Kit - RPG/Art/Sprites/Floors/Tiles_GrassToDesert.png using Guid(78ad6eb3988a8e440bbf2a9ecc2d918f) Importer(815301076,1909f56bfc062723c751e8b465ee728b)  -> (artifact id: '071281a8470f0d12a50691199fd6fe93') in 0.037498 seconds 
========================================================================
Received Import Request.
  Time since last request: 0.320320 seconds.
  path: Assets/Creator Kit - RPG/Art/Sprites/UI/DialogueBar.psd
  artifactKey: Guid(864d53185d49afd4ba160601369e6557) Importer(815301076,1909f56bfc062723c751e8b465ee728b)
Start importing Assets/Creator Kit - RPG/Art/Sprites/UI/DialogueBar.psd using Guid(864d53185d49afd4ba160601369e6557) Importer(815301076,1909f56bfc062723c751e8b465ee728b)  -> (artifact id: '3e5403e9cb864cf9bbb3c2c3d01749c3') in 0.030068 seconds 
========================================================================
Received Import Request.
  Time since last request: 0.790171 seconds.
  path: Assets/Creator Kit - RPG/Art/TileMapPalettes/Line Brush.asset
  artifactKey: Guid(88a229bcb49b14276b7179f46cec694d) Importer(815301076,1909f56bfc062723c751e8b465ee728b)
Start importing Assets/Creator Kit - RPG/Art/TileMapPalettes/Line Brush.asset using Guid(88a229bcb49b14276b7179f46cec694d) Importer(815301076,1909f56bfc062723c751e8b465ee728b)  -> (artifact id: '7bc0e4634b4e3ed9acf6b66a3a6cda32') in 0.011700 seconds 
========================================================================
Received Import Request.
  Time since last request: 0.619603 seconds.
  path: Assets/Creator Kit - RPG/Art/Tiles/House_9.asset
  artifactKey: Guid(5b1834ec8bad8404d859e5301c7a475d) Importer(815301076,1909f56bfc062723c751e8b465ee728b)
Start importing Assets/Creator Kit - RPG/Art/Tiles/House_9.asset using Guid(5b1834ec8bad8404d859e5301c7a475d) Importer(815301076,1909f56bfc062723c751e8b465ee728b)  -> (artifact id: '7cf5a0a49cc3703c77822bcb0b39f192') in 0.018223 seconds 
========================================================================
Received Import Request.
  Time since last request: 0.000258 seconds.
  path: Assets/Creator Kit - RPG/Art/Tiles/Tiles_Desert_3.asset
  artifactKey: Guid(fec15ec5d11148d438ac08460ede931d) Importer(815301076,1909f56bfc062723c751e8b465ee728b)
Start importing Assets/Creator Kit - RPG/Art/Tiles/Tiles_Desert_3.asset using Guid(fec15ec5d11148d438ac08460ede931d) Importer(815301076,1909f56bfc062723c751e8b465ee728b)  -> (artifact id: 'd1b3abe0961741913b7806d819d79b85') in 0.010201 seconds 
========================================================================
Received Import Request.
  Time since last request: 0.000256 seconds.
  path: Assets/Creator Kit - RPG/Art/Tiles/Tiles_Desert_4.asset
  artifactKey: Guid(52de7f84af3b5f946a58e36df7b76e2c) Importer(815301076,1909f56bfc062723c751e8b465ee728b)
Start importing Assets/Creator Kit - RPG/Art/Tiles/Tiles_Desert_4.asset using Guid(52de7f84af3b5f946a58e36df7b76e2c) Importer(815301076,1909f56bfc062723c751e8b465ee728b)  -> (artifact id: 'c02d28347d24b36de6b693ca5ba91728') in 0.009463 seconds 
========================================================================
Received Import Request.
  Time since last request: 0.000180 seconds.
  path: Assets/Creator Kit - RPG/Art/Tiles/Tiles.prefab
  artifactKey: Guid(66a9d607713234dcdad67f06eef62205) Importer(815301076,1909f56bfc062723c751e8b465ee728b)
Start importing Assets/Creator Kit - RPG/Art/Tiles/Tiles.prefab using Guid(66a9d607713234dcdad67f06eef62205) Importer(815301076,1909f56bfc062723c751e8b465ee728b)  -> (artifact id: 'c58899ba31fa10d4f1d5ad0252bc7fcb') in 0.056947 seconds 
========================================================================
Received Import Request.
  Time since last request: 0.000274 seconds.
  path: Assets/Creator Kit - RPG/Art/Tiles/Tiles_Desert_2.asset
  artifactKey: Guid(2310ce13012c17343949c267b9b9e558) Importer(815301076,1909f56bfc062723c751e8b465ee728b)
Start importing Assets/Creator Kit - RPG/Art/Tiles/Tiles_Desert_2.asset using Guid(2310ce13012c17343949c267b9b9e558) Importer(815301076,1909f56bfc062723c751e8b465ee728b)  -> (artifact id: '969b9c92df83786687f448565a319e54') in 0.010195 seconds 
========================================================================
Received Import Request.
  Time since last request: 0.000280 seconds.
  path: Assets/Creator Kit - RPG/Art/Tiles/Tiles_Desert_5.asset
  artifactKey: Guid(f3ca2822f2b038f458dc5d8e6d48d4bf) Importer(815301076,1909f56bfc062723c751e8b465ee728b)
Start importing Assets/Creator Kit - RPG/Art/Tiles/Tiles_Desert_5.asset using Guid(f3ca2822f2b038f458dc5d8e6d48d4bf) Importer(815301076,1909f56bfc062723c751e8b465ee728b)  -> (artifact id: 'b499f5c2af4f24e0d1df5412143117ef') in 0.010500 seconds 
========================================================================
Received Import Request.
  Time since last request: 0.000216 seconds.
  path: Assets/Creator Kit - RPG/Art/Tiles/Tiles_Desert_0.asset
  artifactKey: Guid(4e24a674490620c4eb878a731a865d91) Importer(815301076,1909f56bfc062723c751e8b465ee728b)
Start importing Assets/Creator Kit - RPG/Art/Tiles/Tiles_Desert_0.asset using Guid(4e24a674490620c4eb878a731a865d91) Importer(815301076,1909f56bfc062723c751e8b465ee728b)  -> (artifact id: '1a59166e78350ad85929d4798840b2aa') in 0.010635 seconds 
========================================================================
Received Import Request.
  Time since last request: 0.000465 seconds.
  path: Assets/Creator Kit - RPG/Art/Tiles/Tiles_Desert_1.asset
  artifactKey: Guid(a5bc2c8e30c5f2b498bf982c0fcd580f) Importer(815301076,1909f56bfc062723c751e8b465ee728b)
Start importing Assets/Creator Kit - RPG/Art/Tiles/Tiles_Desert_1.asset using Guid(a5bc2c8e30c5f2b498bf982c0fcd580f) Importer(815301076,1909f56bfc062723c751e8b465ee728b)  -> (artifact id: '50fe54adfc2bf7d9f43b009dcbeef911') in 0.010504 seconds 
========================================================================
Received Import Request.
  Time since last request: 0.000251 seconds.
  path: Assets/Creator Kit - RPG/Art/Tiles/Tiles_Desert_6.asset
  artifactKey: Guid(bf4b827a00439fa4eb2ef36369f6158d) Importer(815301076,1909f56bfc062723c751e8b465ee728b)
Start importing Assets/Creator Kit - RPG/Art/Tiles/Tiles_Desert_6.asset using Guid(bf4b827a00439fa4eb2ef36369f6158d) Importer(815301076,1909f56bfc062723c751e8b465ee728b)  -> (artifact id: '0587703da19b19eda4b8d07311f87dd4') in 0.010964 seconds 
========================================================================
Received Import Request.
  Time since last request: 8.595727 seconds.
  path: Assets/Gizmos/inventory.png
  artifactKey: Guid(fededb281bf6f46fb97ffbbe88876145) Importer(815301076,1909f56bfc062723c751e8b465ee728b)
Start importing Assets/Gizmos/inventory.png using Guid(fededb281bf6f46fb97ffbbe88876145) Importer(815301076,1909f56bfc062723c751e8b465ee728b)  -> (artifact id: 'a11de2eca8e6894c7ce9199a77283066') in 0.018961 seconds 
========================================================================
Received Import Request.
  Time since last request: 0.000206 seconds.
  path: Assets/Gizmos/story.png
  artifactKey: Guid(78d977b8f15cc4f9098bf747509832c4) Importer(815301076,1909f56bfc062723c751e8b465ee728b)
Start importing Assets/Gizmos/story.png using Guid(78d977b8f15cc4f9098bf747509832c4) Importer(815301076,1909f56bfc062723c751e8b465ee728b)  -> (artifact id: 'a720514a8664904cd32924379fa008e4') in 0.009399 seconds 
========================================================================
Received Import Request.
  Time since last request: 0.000279 seconds.
  path: Assets/Gizmos/quest.png
  artifactKey: Guid(7ebfdbce7efa143018c7ba412084bdcc) Importer(815301076,1909f56bfc062723c751e8b465ee728b)
Start importing Assets/Gizmos/quest.png using Guid(7ebfdbce7efa143018c7ba412084bdcc) Importer(815301076,1909f56bfc062723c751e8b465ee728b)  -> (artifact id: 'c91f5273f6fb0d146b9550fce3aaa9d1') in 0.009808 seconds 
========================================================================
Received Import Request.
  Time since last request: 0.304332 seconds.
  path: Assets/Materials/Skybox_Mat.mat
  artifactKey: Guid(0ffaa0b7117ba8c47a9d05ae701d4b4d) Importer(815301076,1909f56bfc062723c751e8b465ee728b)
Start importing Assets/Materials/Skybox_Mat.mat using Guid(0ffaa0b7117ba8c47a9d05ae701d4b4d) Importer(815301076,1909f56bfc062723c751e8b465ee728b)  -> (artifact id: '7ee6f73e101f57bc68259e846f959f0e') in 0.035704 seconds 
========================================================================
Received Import Request.
  Time since last request: 0.761661 seconds.
  path: Assets/Presets/AudioCompressedInMemory.preset
  artifactKey: Guid(2dd802e4d37c65149922028d3e973832) Importer(815301076,1909f56bfc062723c751e8b465ee728b)
Start importing Assets/Presets/AudioCompressedInMemory.preset using Guid(2dd802e4d37c65149922028d3e973832) Importer(815301076,1909f56bfc062723c751e8b465ee728b)  -> (artifact id: 'b7bf7cf074f466c610d4a9091d59e25b') in 0.008992 seconds 
========================================================================
Received Import Request.
  Time since last request: 0.000213 seconds.
  path: Assets/Presets/AudioStreaming.preset
  artifactKey: Guid(86bcce7f5575b54408aa0f3a7d321039) Importer(815301076,1909f56bfc062723c751e8b465ee728b)
Start importing Assets/Presets/AudioStreaming.preset using Guid(86bcce7f5575b54408aa0f3a7d321039) Importer(815301076,1909f56bfc062723c751e8b465ee728b)  -> (artifact id: 'bca02f7813a3489ee830f437d17e4a52') in 0.006441 seconds 
========================================================================
Received Import Request.
  Time since last request: 0.000322 seconds.
  path: Assets/Presets/NormalTexture.preset
  artifactKey: Guid(14a57cf3b9fa1c74b884aa7e0dcf1faa) Importer(815301076,1909f56bfc062723c751e8b465ee728b)
Start importing Assets/Presets/NormalTexture.preset using Guid(14a57cf3b9fa1c74b884aa7e0dcf1faa) Importer(815301076,1909f56bfc062723c751e8b465ee728b)  -> (artifact id: '0d8628f5d18a724446329bc02d06fe1e') in 0.008430 seconds 
========================================================================
Received Import Request.
  Time since last request: 0.000287 seconds.
  path: Assets/Presets/UtilityTexture.preset
  artifactKey: Guid(45f7b2e3c78185248b3adbb14429c2ab) Importer(815301076,1909f56bfc062723c751e8b465ee728b)
Start importing Assets/Presets/UtilityTexture.preset using Guid(45f7b2e3c78185248b3adbb14429c2ab) Importer(815301076,1909f56bfc062723c751e8b465ee728b)  -> (artifact id: 'd0709480a909d29a196269d2c8a09e39') in 0.007336 seconds 
========================================================================
Received Import Request.
  Time since last request: 154.028628 seconds.
  path: Assets/Creator Kit - RPG/Cutscene/Transitions/transition-9.png
  artifactKey: Guid(9e2d0a4ff6764d7408ad133246a77808) Importer(815301076,1909f56bfc062723c751e8b465ee728b)
Start importing Assets/Creator Kit - RPG/Cutscene/Transitions/transition-9.png using Guid(9e2d0a4ff6764d7408ad133246a77808) Importer(815301076,1909f56bfc062723c751e8b465ee728b)  -> (artifact id: '5682397afe5ccd7b7ab25b37242ae2ed') in 0.015088 seconds 
========================================================================
Received Import Request.
  Time since last request: 0.000170 seconds.
  path: Assets/Creator Kit - RPG/Cutscene/Transitions/transition-8.png
  artifactKey: Guid(f386caa51fda60946b845e8202947bde) Importer(815301076,1909f56bfc062723c751e8b465ee728b)
Start importing Assets/Creator Kit - RPG/Cutscene/Transitions/transition-8.png using Guid(f386caa51fda60946b845e8202947bde) Importer(815301076,1909f56bfc062723c751e8b465ee728b)  -> (artifact id: '3a25e8d0bffb25c912bd10e7d1647af6') in 0.016778 seconds 
========================================================================
Received Import Request.
  Time since last request: 0.000207 seconds.
  path: Assets/Creator Kit - RPG/Cutscene/Transitions/transition-0.png
  artifactKey: Guid(dfb93313495e3e545bdfc38ede4aaeaf) Importer(815301076,1909f56bfc062723c751e8b465ee728b)
Start importing Assets/Creator Kit - RPG/Cutscene/Transitions/transition-0.png using Guid(dfb93313495e3e545bdfc38ede4aaeaf) Importer(815301076,1909f56bfc062723c751e8b465ee728b)  -> (artifact id: 'd075ba0b29403ed9600e327698d81063') in 0.013818 seconds 
========================================================================
Received Import Request.
  Time since last request: 0.000147 seconds.
  path: Assets/Creator Kit - RPG/Cutscene/Transitions/transition-2.png
  artifactKey: Guid(603e7c83c444ad8439b4f3972d6ac914) Importer(815301076,1909f56bfc062723c751e8b465ee728b)
Start importing Assets/Creator Kit - RPG/Cutscene/Transitions/transition-2.png using Guid(603e7c83c444ad8439b4f3972d6ac914) Importer(815301076,1909f56bfc062723c751e8b465ee728b)  -> (artifact id: '9f62d973015a936e0ff1081a462c5cb4') in 0.014687 seconds 
========================================================================
Received Import Request.
  Time since last request: 0.000168 seconds.
  path: Assets/Creator Kit - RPG/Cutscene/Transitions/transition-6.png
  artifactKey: Guid(8738b94501ca6ea4f947fc66f8fbbd16) Importer(815301076,1909f56bfc062723c751e8b465ee728b)
Start importing Assets/Creator Kit - RPG/Cutscene/Transitions/transition-6.png using Guid(8738b94501ca6ea4f947fc66f8fbbd16) Importer(815301076,1909f56bfc062723c751e8b465ee728b)  -> (artifact id: '8c035e9093eb842edaf628c6ae42c131') in 0.014076 seconds 
========================================================================
Received Import Request.
  Time since last request: 0.000221 seconds.
  path: Assets/Creator Kit - RPG/Cutscene/Transitions/transition-4.png
  artifactKey: Guid(a4273a4d8401bf045ad8d41316011d66) Importer(815301076,1909f56bfc062723c751e8b465ee728b)
Start importing Assets/Creator Kit - RPG/Cutscene/Transitions/transition-4.png using Guid(a4273a4d8401bf045ad8d41316011d66) Importer(815301076,1909f56bfc062723c751e8b465ee728b)  -> (artifact id: 'def45bdbed23dd57de019d0c0103e2ce') in 0.023275 seconds 
========================================================================
Received Import Request.
  Time since last request: 0.000198 seconds.
  path: Assets/Creator Kit - RPG/Cutscene/Transitions/transition-1.png
  artifactKey: Guid(a63c75c41e96a194d8bf311412e6db27) Importer(815301076,1909f56bfc062723c751e8b465ee728b)
Start importing Assets/Creator Kit - RPG/Cutscene/Transitions/transition-1.png using Guid(a63c75c41e96a194d8bf311412e6db27) Importer(815301076,1909f56bfc062723c751e8b465ee728b)  -> (artifact id: '505a99e9b0994037fc6cb0400fb47abc') in 0.013758 seconds 
========================================================================
Received Import Request.
  Time since last request: 0.000155 seconds.
  path: Assets/Creator Kit - RPG/Cutscene/Transitions/transition-3.png
  artifactKey: Guid(2f68931e5fb2dd04695942636863ea61) Importer(815301076,1909f56bfc062723c751e8b465ee728b)
Start importing Assets/Creator Kit - RPG/Cutscene/Transitions/transition-3.png using Guid(2f68931e5fb2dd04695942636863ea61) Importer(815301076,1909f56bfc062723c751e8b465ee728b)  -> (artifact id: '20ca4248f6010ea08c2b35ee945c84b2') in 0.014698 seconds 
========================================================================
Received Import Request.
  Time since last request: 0.000168 seconds.
  path: Assets/Creator Kit - RPG/Cutscene/Transitions/transition-7.png
  artifactKey: Guid(d3324c3b752839b45b6388e3d903e9fc) Importer(815301076,1909f56bfc062723c751e8b465ee728b)
Start importing Assets/Creator Kit - RPG/Cutscene/Transitions/transition-7.png using Guid(d3324c3b752839b45b6388e3d903e9fc) Importer(815301076,1909f56bfc062723c751e8b465ee728b)  -> (artifact id: 'f397782e044b1735f3d61cfae4b12ebd') in 0.014671 seconds 
========================================================================
Received Import Request.
  Time since last request: 0.000223 seconds.
  path: Assets/TutorialInfo/Icons/icon_tutorial_package.png
  artifactKey: Guid(6e9845f3dd8af6e478e6d87fd1fb4fde) Importer(815301076,1909f56bfc062723c751e8b465ee728b)
Start importing Assets/TutorialInfo/Icons/icon_tutorial_package.png using Guid(6e9845f3dd8af6e478e6d87fd1fb4fde) Importer(815301076,1909f56bfc062723c751e8b465ee728b)  -> (artifact id: 'd9431690e80511a3ca787d1d09ff88b6') in 0.014407 seconds 
========================================================================
Received Import Request.
  Time since last request: 0.000190 seconds.
  path: Assets/Creator Kit - RPG/Cutscene/Transitions/transition-5.png
  artifactKey: Guid(ec4aabbaa0bb5114dbc4912f2c51eb38) Importer(815301076,1909f56bfc062723c751e8b465ee728b)
Start importing Assets/Creator Kit - RPG/Cutscene/Transitions/transition-5.png using Guid(ec4aabbaa0bb5114dbc4912f2c51eb38) Importer(815301076,1909f56bfc062723c751e8b465ee728b)  -> (artifact id: '561c2b92bce89495bf32bfc0ce431b65') in 0.013530 seconds 
========================================================================
Received Prepare
Registering precompiled user dll's ...
Registered in 0.003752 seconds.
Begin MonoManager ReloadAssembly
Native extension for WindowsStandalone target not found
Refreshing native plugins compatible for Editor in 0.97 ms, found 2 plugins.
Preloading 0 native plugins for Editor in 0.00 ms.
Mono: successfully reloaded assembly
- Completed reload, in  0.864 seconds
Domain Reload Profiling:
	ReloadAssembly (864ms)
		BeginReloadAssembly (105ms)
			ExecutionOrderSort (0ms)
			DisableScriptedObjects (5ms)
			BackupInstance (0ms)
			ReleaseScriptingObjects (0ms)
			CreateAndSetChildDomain (31ms)
		EndReloadAssembly (709ms)
			LoadAssemblies (92ms)
			RebuildTransferFunctionScriptingTraits (0ms)
			SetupTypeCache (261ms)
			ReleaseScriptCaches (1ms)
			RebuildScriptCaches (40ms)
			SetupLoadedEditorAssemblies (247ms)
				LogAssemblyErrors (0ms)
				InitializePlatformSupportModulesInManaged (4ms)
				SetLoadedEditorAssemblies (1ms)
				RefreshPlugins (1ms)
				BeforeProcessingInitializeOnLoad (60ms)
				ProcessInitializeOnLoadAttributes (170ms)
				ProcessInitializeOnLoadMethodAttributes (9ms)
				AfterProcessingInitializeOnLoad (1ms)
				EditorAssembliesLoaded (0ms)
			ExecutionOrderSort2 (0ms)
			AwakeInstancesAfterBackupRestoration (5ms)
Platform modules already initialized, skipping
Refreshing native plugins compatible for Editor in 0.81 ms, found 2 plugins.
Preloading 0 native plugins for Editor in 0.00 ms.
Unloading 3083 Unused Serialized files (Serialized files now loaded: 0)
System memory in use before: 133.2 MB.
System memory in use after: 133.4 MB.

Unloading 32 unused Assets to reduce memory usage. Loaded Objects now: 3672.
Total: 3.089400 ms (FindLiveObjects: 0.252600 ms CreateObjectMapping: 0.087400 ms MarkObjects: 2.715100 ms  DeleteObjects: 0.033500 ms)

AssetImportParameters requested are different than current active one (requested -> active):
  custom:framework-win-MediaFoundation: 216162199b28c13a410421893ffa2e32 -> 
  custom:video-decoder-ogg-theora: a1e56fd34408186e4bbccfd4996cb3dc -> 
  custom:container-muxer-webm: aa71ff27fc2769a1b78a27578f13a17b -> 
  custom:container-demuxer-webm: 4f35f7cbe854078d1ac9338744f61a02 -> 
  custom:container-demuxer-ogg: 62fdf1f143b41e24485cea50d1cbac27 -> 
  custom:video-encoder-webm-vp8: eb34c28f22e8b96e1ab97ce403110664 -> 
  custom:video-decoder-webm-vp8: 9c59270c3fd7afecdb556c50c9e8de78 -> 
  custom:audio-decoder-ogg-vorbis: bf7c407c2cedff20999df2af8eb42d56 -> 
  custom:audio-encoder-webm-vorbis: bf7c407c2cedff20999df2af8eb42d56 -> 
========================================================================
Received Prepare
Registering precompiled user dll's ...
Registered in 0.003616 seconds.
Begin MonoManager ReloadAssembly
Native extension for WindowsStandalone target not found
Refreshing native plugins compatible for Editor in 0.78 ms, found 2 plugins.
Preloading 0 native plugins for Editor in 0.00 ms.
Mono: successfully reloaded assembly
- Completed reload, in  0.889 seconds
Domain Reload Profiling:
	ReloadAssembly (890ms)
		BeginReloadAssembly (110ms)
			ExecutionOrderSort (0ms)
			DisableScriptedObjects (5ms)
			BackupInstance (0ms)
			ReleaseScriptingObjects (0ms)
			CreateAndSetChildDomain (28ms)
		EndReloadAssembly (728ms)
			LoadAssemblies (114ms)
			RebuildTransferFunctionScriptingTraits (0ms)
			SetupTypeCache (290ms)
			ReleaseScriptCaches (1ms)
			RebuildScriptCaches (36ms)
			SetupLoadedEditorAssemblies (231ms)
				LogAssemblyErrors (0ms)
				InitializePlatformSupportModulesInManaged (3ms)
				SetLoadedEditorAssemblies (0ms)
				RefreshPlugins (1ms)
				BeforeProcessingInitializeOnLoad (58ms)
				ProcessInitializeOnLoadAttributes (158ms)
				ProcessInitializeOnLoadMethodAttributes (9ms)
				AfterProcessingInitializeOnLoad (2ms)
				EditorAssembliesLoaded (0ms)
			ExecutionOrderSort2 (0ms)
			AwakeInstancesAfterBackupRestoration (5ms)
Platform modules already initialized, skipping
Refreshing native plugins compatible for Editor in 0.74 ms, found 2 plugins.
Preloading 0 native plugins for Editor in 0.00 ms.
Unloading 3084 Unused Serialized files (Serialized files now loaded: 0)
System memory in use before: 133.2 MB.
System memory in use after: 133.4 MB.

Unloading 32 unused Assets to reduce memory usage. Loaded Objects now: 3676.
Total: 3.114600 ms (FindLiveObjects: 0.279200 ms CreateObjectMapping: 0.084800 ms MarkObjects: 2.715200 ms  DeleteObjects: 0.034600 ms)

AssetImportParameters requested are different than current active one (requested -> active):
  custom:framework-win-MediaFoundation: 216162199b28c13a410421893ffa2e32 -> 
  custom:video-decoder-ogg-theora: a1e56fd34408186e4bbccfd4996cb3dc -> 
  custom:container-muxer-webm: aa71ff27fc2769a1b78a27578f13a17b -> 
  custom:container-demuxer-webm: 4f35f7cbe854078d1ac9338744f61a02 -> 
  custom:container-demuxer-ogg: 62fdf1f143b41e24485cea50d1cbac27 -> 
  custom:video-encoder-webm-vp8: eb34c28f22e8b96e1ab97ce403110664 -> 
  custom:video-decoder-webm-vp8: 9c59270c3fd7afecdb556c50c9e8de78 -> 
  custom:audio-decoder-ogg-vorbis: bf7c407c2cedff20999df2af8eb42d56 -> 
  custom:audio-encoder-webm-vorbis: bf7c407c2cedff20999df2af8eb42d56 -> 
========================================================================
Received Prepare
Registering precompiled user dll's ...
Registered in 0.003401 seconds.
Begin MonoManager ReloadAssembly
Native extension for WindowsStandalone target not found
Refreshing native plugins compatible for Editor in 0.83 ms, found 2 plugins.
Preloading 0 native plugins for Editor in 0.00 ms.
Mono: successfully reloaded assembly
- Completed reload, in  0.840 seconds
Domain Reload Profiling:
	ReloadAssembly (840ms)
		BeginReloadAssembly (99ms)
			ExecutionOrderSort (0ms)
			DisableScriptedObjects (4ms)
			BackupInstance (0ms)
			ReleaseScriptingObjects (0ms)
			CreateAndSetChildDomain (29ms)
		EndReloadAssembly (694ms)
			LoadAssemblies (84ms)
			RebuildTransferFunctionScriptingTraits (0ms)
			SetupTypeCache (255ms)
			ReleaseScriptCaches (1ms)
			RebuildScriptCaches (40ms)
			SetupLoadedEditorAssemblies (244ms)
				LogAssemblyErrors (0ms)
				InitializePlatformSupportModulesInManaged (4ms)
				SetLoadedEditorAssemblies (0ms)
				RefreshPlugins (1ms)
				BeforeProcessingInitializeOnLoad (59ms)
				ProcessInitializeOnLoadAttributes (168ms)
				ProcessInitializeOnLoadMethodAttributes (10ms)
				AfterProcessingInitializeOnLoad (2ms)
				EditorAssembliesLoaded (0ms)
			ExecutionOrderSort2 (0ms)
			AwakeInstancesAfterBackupRestoration (6ms)
Platform modules already initialized, skipping
Refreshing native plugins compatible for Editor in 0.77 ms, found 2 plugins.
Preloading 0 native plugins for Editor in 0.00 ms.
Unloading 3084 Unused Serialized files (Serialized files now loaded: 0)
System memory in use before: 133.2 MB.
System memory in use after: 133.4 MB.

Unloading 32 unused Assets to reduce memory usage. Loaded Objects now: 3679.
Total: 3.527000 ms (FindLiveObjects: 0.301200 ms CreateObjectMapping: 0.088900 ms MarkObjects: 3.091200 ms  DeleteObjects: 0.044200 ms)

AssetImportParameters requested are different than current active one (requested -> active):
  custom:framework-win-MediaFoundation: 216162199b28c13a410421893ffa2e32 -> 
  custom:video-decoder-ogg-theora: a1e56fd34408186e4bbccfd4996cb3dc -> 
  custom:container-muxer-webm: aa71ff27fc2769a1b78a27578f13a17b -> 
  custom:container-demuxer-webm: 4f35f7cbe854078d1ac9338744f61a02 -> 
  custom:container-demuxer-ogg: 62fdf1f143b41e24485cea50d1cbac27 -> 
  custom:video-encoder-webm-vp8: eb34c28f22e8b96e1ab97ce403110664 -> 
  custom:video-decoder-webm-vp8: 9c59270c3fd7afecdb556c50c9e8de78 -> 
  custom:audio-decoder-ogg-vorbis: bf7c407c2cedff20999df2af8eb42d56 -> 
  custom:audio-encoder-webm-vorbis: bf7c407c2cedff20999df2af8eb42d56 -> 
========================================================================
Received Prepare
Registering precompiled user dll's ...
Registered in 0.004784 seconds.
Begin MonoManager ReloadAssembly
Native extension for WindowsStandalone target not found
Refreshing native plugins compatible for Editor in 0.77 ms, found 2 plugins.
Preloading 0 native plugins for Editor in 0.00 ms.
Mono: successfully reloaded assembly
- Completed reload, in  0.872 seconds
Domain Reload Profiling:
	ReloadAssembly (872ms)
		BeginReloadAssembly (101ms)
			ExecutionOrderSort (0ms)
			DisableScriptedObjects (5ms)
			BackupInstance (0ms)
			ReleaseScriptingObjects (0ms)
			CreateAndSetChildDomain (27ms)
		EndReloadAssembly (723ms)
			LoadAssemblies (90ms)
			RebuildTransferFunctionScriptingTraits (0ms)
			SetupTypeCache (270ms)
			ReleaseScriptCaches (1ms)
			RebuildScriptCaches (43ms)
			SetupLoadedEditorAssemblies (251ms)
				LogAssemblyErrors (0ms)
				InitializePlatformSupportModulesInManaged (4ms)
				SetLoadedEditorAssemblies (0ms)
				RefreshPlugins (1ms)
				BeforeProcessingInitializeOnLoad (58ms)
				ProcessInitializeOnLoadAttributes (175ms)
				ProcessInitializeOnLoadMethodAttributes (11ms)
				AfterProcessingInitializeOnLoad (2ms)
				EditorAssembliesLoaded (0ms)
			ExecutionOrderSort2 (0ms)
			AwakeInstancesAfterBackupRestoration (6ms)
Platform modules already initialized, skipping
Refreshing native plugins compatible for Editor in 0.81 ms, found 2 plugins.
Preloading 0 native plugins for Editor in 0.00 ms.
Unloading 3084 Unused Serialized files (Serialized files now loaded: 0)
System memory in use before: 133.2 MB.
System memory in use after: 133.5 MB.

Unloading 32 unused Assets to reduce memory usage. Loaded Objects now: 3682.
Total: 3.112000 ms (FindLiveObjects: 0.282400 ms CreateObjectMapping: 0.077100 ms MarkObjects: 2.721000 ms  DeleteObjects: 0.030600 ms)

AssetImportParameters requested are different than current active one (requested -> active):
  custom:framework-win-MediaFoundation: 216162199b28c13a410421893ffa2e32 -> 
  custom:video-decoder-ogg-theora: a1e56fd34408186e4bbccfd4996cb3dc -> 
  custom:container-muxer-webm: aa71ff27fc2769a1b78a27578f13a17b -> 
  custom:container-demuxer-webm: 4f35f7cbe854078d1ac9338744f61a02 -> 
  custom:container-demuxer-ogg: 62fdf1f143b41e24485cea50d1cbac27 -> 
  custom:video-encoder-webm-vp8: eb34c28f22e8b96e1ab97ce403110664 -> 
  custom:video-decoder-webm-vp8: 9c59270c3fd7afecdb556c50c9e8de78 -> 
  custom:audio-decoder-ogg-vorbis: bf7c407c2cedff20999df2af8eb42d56 -> 
  custom:audio-encoder-webm-vorbis: bf7c407c2cedff20999df2af8eb42d56 -> 
========================================================================
Received Prepare
Registering precompiled user dll's ...
Registered in 0.003484 seconds.
Begin MonoManager ReloadAssembly
Native extension for WindowsStandalone target not found
Refreshing native plugins compatible for Editor in 0.83 ms, found 2 plugins.
Preloading 0 native plugins for Editor in 0.00 ms.
Mono: successfully reloaded assembly
- Completed reload, in  0.875 seconds
Domain Reload Profiling:
	ReloadAssembly (875ms)
		BeginReloadAssembly (100ms)
			ExecutionOrderSort (0ms)
			DisableScriptedObjects (5ms)
			BackupInstance (0ms)
			ReleaseScriptingObjects (0ms)
			CreateAndSetChildDomain (28ms)
		EndReloadAssembly (726ms)
			LoadAssemblies (86ms)
			RebuildTransferFunctionScriptingTraits (0ms)
			SetupTypeCache (253ms)
			ReleaseScriptCaches (1ms)
			RebuildScriptCaches (39ms)
			SetupLoadedEditorAssemblies (267ms)
				LogAssemblyErrors (0ms)
				InitializePlatformSupportModulesInManaged (4ms)
				SetLoadedEditorAssemblies (0ms)
				RefreshPlugins (1ms)
				BeforeProcessingInitializeOnLoad (62ms)
				ProcessInitializeOnLoadAttributes (188ms)
				ProcessInitializeOnLoadMethodAttributes (10ms)
				AfterProcessingInitializeOnLoad (2ms)
				EditorAssembliesLoaded (0ms)
			ExecutionOrderSort2 (0ms)
			AwakeInstancesAfterBackupRestoration (6ms)
Platform modules already initialized, skipping
Refreshing native plugins compatible for Editor in 0.80 ms, found 2 plugins.
Preloading 0 native plugins for Editor in 0.00 ms.
Unloading 3084 Unused Serialized files (Serialized files now loaded: 0)
System memory in use before: 133.2 MB.
System memory in use after: 133.5 MB.

Unloading 32 unused Assets to reduce memory usage. Loaded Objects now: 3685.
Total: 3.716200 ms (FindLiveObjects: 0.317000 ms CreateObjectMapping: 0.093600 ms MarkObjects: 3.259800 ms  DeleteObjects: 0.044600 ms)

AssetImportParameters requested are different than current active one (requested -> active):
  custom:framework-win-MediaFoundation: 216162199b28c13a410421893ffa2e32 -> 
  custom:video-decoder-ogg-theora: a1e56fd34408186e4bbccfd4996cb3dc -> 
  custom:container-muxer-webm: aa71ff27fc2769a1b78a27578f13a17b -> 
  custom:container-demuxer-webm: 4f35f7cbe854078d1ac9338744f61a02 -> 
  custom:container-demuxer-ogg: 62fdf1f143b41e24485cea50d1cbac27 -> 
  custom:video-encoder-webm-vp8: eb34c28f22e8b96e1ab97ce403110664 -> 
  custom:video-decoder-webm-vp8: 9c59270c3fd7afecdb556c50c9e8de78 -> 
  custom:audio-decoder-ogg-vorbis: bf7c407c2cedff20999df2af8eb42d56 -> 
  custom:audio-encoder-webm-vorbis: bf7c407c2cedff20999df2af8eb42d56 -> 
========================================================================
Received Prepare
Registering precompiled user dll's ...
Registered in 0.004107 seconds.
Begin MonoManager ReloadAssembly
Native extension for WindowsStandalone target not found
Refreshing native plugins compatible for Editor in 0.90 ms, found 2 plugins.
Preloading 0 native plugins for Editor in 0.00 ms.
Mono: successfully reloaded assembly
- Completed reload, in  0.864 seconds
Domain Reload Profiling:
	ReloadAssembly (865ms)
		BeginReloadAssembly (97ms)
			ExecutionOrderSort (0ms)
			DisableScriptedObjects (6ms)
			BackupInstance (0ms)
			ReleaseScriptingObjects (0ms)
			CreateAndSetChildDomain (26ms)
		EndReloadAssembly (720ms)
			LoadAssemblies (85ms)
			RebuildTransferFunctionScriptingTraits (0ms)
			SetupTypeCache (267ms)
			ReleaseScriptCaches (1ms)
			RebuildScriptCaches (40ms)
			SetupLoadedEditorAssemblies (253ms)
				LogAssemblyErrors (0ms)
				InitializePlatformSupportModulesInManaged (4ms)
				SetLoadedEditorAssemblies (0ms)
				RefreshPlugins (1ms)
				BeforeProcessingInitializeOnLoad (64ms)
				ProcessInitializeOnLoadAttributes (171ms)
				ProcessInitializeOnLoadMethodAttributes (10ms)
				AfterProcessingInitializeOnLoad (2ms)
				EditorAssembliesLoaded (0ms)
			ExecutionOrderSort2 (0ms)
			AwakeInstancesAfterBackupRestoration (5ms)
Platform modules already initialized, skipping
Refreshing native plugins compatible for Editor in 0.77 ms, found 2 plugins.
Preloading 0 native plugins for Editor in 0.00 ms.
Unloading 3084 Unused Serialized files (Serialized files now loaded: 0)
System memory in use before: 133.2 MB.
System memory in use after: 133.5 MB.

Unloading 32 unused Assets to reduce memory usage. Loaded Objects now: 3688.
Total: 3.091600 ms (FindLiveObjects: 0.256700 ms CreateObjectMapping: 0.085400 ms MarkObjects: 2.716300 ms  DeleteObjects: 0.032100 ms)

AssetImportParameters requested are different than current active one (requested -> active):
  custom:framework-win-MediaFoundation: 216162199b28c13a410421893ffa2e32 -> 
  custom:video-decoder-ogg-theora: a1e56fd34408186e4bbccfd4996cb3dc -> 
  custom:container-muxer-webm: aa71ff27fc2769a1b78a27578f13a17b -> 
  custom:container-demuxer-webm: 4f35f7cbe854078d1ac9338744f61a02 -> 
  custom:container-demuxer-ogg: 62fdf1f143b41e24485cea50d1cbac27 -> 
  custom:video-encoder-webm-vp8: eb34c28f22e8b96e1ab97ce403110664 -> 
  custom:video-decoder-webm-vp8: 9c59270c3fd7afecdb556c50c9e8de78 -> 
  custom:audio-decoder-ogg-vorbis: bf7c407c2cedff20999df2af8eb42d56 -> 
  custom:audio-encoder-webm-vorbis: bf7c407c2cedff20999df2af8eb42d56 -> 
========================================================================
Received Prepare
Registering precompiled user dll's ...
Registered in 0.003447 seconds.
Begin MonoManager ReloadAssembly
Native extension for WindowsStandalone target not found
Refreshing native plugins compatible for Editor in 0.86 ms, found 2 plugins.
Preloading 0 native plugins for Editor in 0.00 ms.
Mono: successfully reloaded assembly
- Completed reload, in  0.842 seconds
Domain Reload Profiling:
	ReloadAssembly (842ms)
		BeginReloadAssembly (96ms)
			ExecutionOrderSort (0ms)
			DisableScriptedObjects (4ms)
			BackupInstance (0ms)
			ReleaseScriptingObjects (0ms)
			CreateAndSetChildDomain (27ms)
		EndReloadAssembly (698ms)
			LoadAssemblies (82ms)
			RebuildTransferFunctionScriptingTraits (0ms)
			SetupTypeCache (255ms)
			ReleaseScriptCaches (1ms)
			RebuildScriptCaches (39ms)
			SetupLoadedEditorAssemblies (251ms)
				LogAssemblyErrors (0ms)
				InitializePlatformSupportModulesInManaged (4ms)
				SetLoadedEditorAssemblies (0ms)
				RefreshPlugins (1ms)
				BeforeProcessingInitializeOnLoad (63ms)
				ProcessInitializeOnLoadAttributes (172ms)
				ProcessInitializeOnLoadMethodAttributes (10ms)
				AfterProcessingInitializeOnLoad (2ms)
				EditorAssembliesLoaded (0ms)
			ExecutionOrderSort2 (0ms)
			AwakeInstancesAfterBackupRestoration (6ms)
Platform modules already initialized, skipping
Refreshing native plugins compatible for Editor in 0.76 ms, found 2 plugins.
Preloading 0 native plugins for Editor in 0.00 ms.
Unloading 3084 Unused Serialized files (Serialized files now loaded: 0)
System memory in use before: 133.2 MB.
System memory in use after: 133.5 MB.

Unloading 32 unused Assets to reduce memory usage. Loaded Objects now: 3691.
Total: 3.267200 ms (FindLiveObjects: 0.296000 ms CreateObjectMapping: 0.085100 ms MarkObjects: 2.845400 ms  DeleteObjects: 0.039800 ms)

AssetImportParameters requested are different than current active one (requested -> active):
  custom:framework-win-MediaFoundation: 216162199b28c13a410421893ffa2e32 -> 
  custom:video-decoder-ogg-theora: a1e56fd34408186e4bbccfd4996cb3dc -> 
  custom:container-muxer-webm: aa71ff27fc2769a1b78a27578f13a17b -> 
  custom:container-demuxer-webm: 4f35f7cbe854078d1ac9338744f61a02 -> 
  custom:container-demuxer-ogg: 62fdf1f143b41e24485cea50d1cbac27 -> 
  custom:video-encoder-webm-vp8: eb34c28f22e8b96e1ab97ce403110664 -> 
  custom:video-decoder-webm-vp8: 9c59270c3fd7afecdb556c50c9e8de78 -> 
  custom:audio-decoder-ogg-vorbis: bf7c407c2cedff20999df2af8eb42d56 -> 
  custom:audio-encoder-webm-vorbis: bf7c407c2cedff20999df2af8eb42d56 -> 
========================================================================
Received Prepare
Registering precompiled user dll's ...
Registered in 0.003310 seconds.
Begin MonoManager ReloadAssembly
Native extension for WindowsStandalone target not found
Refreshing native plugins compatible for Editor in 0.83 ms, found 2 plugins.
Preloading 0 native plugins for Editor in 0.00 ms.
Mono: successfully reloaded assembly
- Completed reload, in  0.870 seconds
Domain Reload Profiling:
	ReloadAssembly (871ms)
		BeginReloadAssembly (103ms)
			ExecutionOrderSort (0ms)
			DisableScriptedObjects (5ms)
			BackupInstance (0ms)
			ReleaseScriptingObjects (0ms)
			CreateAndSetChildDomain (28ms)
		EndReloadAssembly (717ms)
			LoadAssemblies (88ms)
			RebuildTransferFunctionScriptingTraits (0ms)
			SetupTypeCache (268ms)
			ReleaseScriptCaches (1ms)
			RebuildScriptCaches (43ms)
			SetupLoadedEditorAssemblies (241ms)
				LogAssemblyErrors (0ms)
				InitializePlatformSupportModulesInManaged (4ms)
				SetLoadedEditorAssemblies (0ms)
				RefreshPlugins (1ms)
				BeforeProcessingInitializeOnLoad (64ms)
				ProcessInitializeOnLoadAttributes (160ms)
				ProcessInitializeOnLoadMethodAttributes (10ms)
				AfterProcessingInitializeOnLoad (2ms)
				EditorAssembliesLoaded (0ms)
			ExecutionOrderSort2 (0ms)
			AwakeInstancesAfterBackupRestoration (5ms)
Platform modules already initialized, skipping
Refreshing native plugins compatible for Editor in 0.79 ms, found 2 plugins.
Preloading 0 native plugins for Editor in 0.00 ms.
Unloading 3084 Unused Serialized files (Serialized files now loaded: 0)
System memory in use before: 133.2 MB.
System memory in use after: 133.5 MB.

Unloading 32 unused Assets to reduce memory usage. Loaded Objects now: 3694.
Total: 3.391900 ms (FindLiveObjects: 0.284600 ms CreateObjectMapping: 0.261300 ms MarkObjects: 2.811600 ms  DeleteObjects: 0.033600 ms)

AssetImportParameters requested are different than current active one (requested -> active):
  custom:framework-win-MediaFoundation: 216162199b28c13a410421893ffa2e32 -> 
  custom:video-decoder-ogg-theora: a1e56fd34408186e4bbccfd4996cb3dc -> 
  custom:container-muxer-webm: aa71ff27fc2769a1b78a27578f13a17b -> 
  custom:container-demuxer-webm: 4f35f7cbe854078d1ac9338744f61a02 -> 
  custom:container-demuxer-ogg: 62fdf1f143b41e24485cea50d1cbac27 -> 
  custom:video-encoder-webm-vp8: eb34c28f22e8b96e1ab97ce403110664 -> 
  custom:video-decoder-webm-vp8: 9c59270c3fd7afecdb556c50c9e8de78 -> 
  custom:audio-decoder-ogg-vorbis: bf7c407c2cedff20999df2af8eb42d56 -> 
  custom:audio-encoder-webm-vorbis: bf7c407c2cedff20999df2af8eb42d56 -> 
========================================================================
Received Prepare
Registering precompiled user dll's ...
Registered in 0.005222 seconds.
Begin MonoManager ReloadAssembly
Native extension for WindowsStandalone target not found
Refreshing native plugins compatible for Editor in 0.87 ms, found 2 plugins.
Preloading 0 native plugins for Editor in 0.00 ms.
Mono: successfully reloaded assembly
- Completed reload, in  0.839 seconds
Domain Reload Profiling:
	ReloadAssembly (839ms)
		BeginReloadAssembly (97ms)
			ExecutionOrderSort (0ms)
			DisableScriptedObjects (5ms)
			BackupInstance (0ms)
			ReleaseScriptingObjects (0ms)
			CreateAndSetChildDomain (27ms)
		EndReloadAssembly (695ms)
			LoadAssemblies (82ms)
			RebuildTransferFunctionScriptingTraits (0ms)
			SetupTypeCache (253ms)
			ReleaseScriptCaches (1ms)
			RebuildScriptCaches (40ms)
			SetupLoadedEditorAssemblies (248ms)
				LogAssemblyErrors (0ms)
				InitializePlatformSupportModulesInManaged (3ms)
				SetLoadedEditorAssemblies (1ms)
				RefreshPlugins (1ms)
				BeforeProcessingInitializeOnLoad (61ms)
				ProcessInitializeOnLoadAttributes (170ms)
				ProcessInitializeOnLoadMethodAttributes (10ms)
				AfterProcessingInitializeOnLoad (2ms)
				EditorAssembliesLoaded (0ms)
			ExecutionOrderSort2 (0ms)
			AwakeInstancesAfterBackupRestoration (6ms)
Platform modules already initialized, skipping
Refreshing native plugins compatible for Editor in 0.94 ms, found 2 plugins.
Preloading 0 native plugins for Editor in 0.00 ms.
Unloading 3084 Unused Serialized files (Serialized files now loaded: 0)
System memory in use before: 133.3 MB.
System memory in use after: 133.5 MB.

Unloading 32 unused Assets to reduce memory usage. Loaded Objects now: 3697.
Total: 3.793800 ms (FindLiveObjects: 0.293700 ms CreateObjectMapping: 0.087700 ms MarkObjects: 3.353500 ms  DeleteObjects: 0.057800 ms)

AssetImportParameters requested are different than current active one (requested -> active):
  custom:framework-win-MediaFoundation: 216162199b28c13a410421893ffa2e32 -> 
  custom:video-decoder-ogg-theora: a1e56fd34408186e4bbccfd4996cb3dc -> 
  custom:container-muxer-webm: aa71ff27fc2769a1b78a27578f13a17b -> 
  custom:container-demuxer-webm: 4f35f7cbe854078d1ac9338744f61a02 -> 
  custom:container-demuxer-ogg: 62fdf1f143b41e24485cea50d1cbac27 -> 
  custom:video-encoder-webm-vp8: eb34c28f22e8b96e1ab97ce403110664 -> 
  custom:video-decoder-webm-vp8: 9c59270c3fd7afecdb556c50c9e8de78 -> 
  custom:audio-decoder-ogg-vorbis: bf7c407c2cedff20999df2af8eb42d56 -> 
  custom:audio-encoder-webm-vorbis: bf7c407c2cedff20999df2af8eb42d56 -> 
AssetImportWorkerClient::OnTransportError - code=2 error=End of file
